{"C:\\Users\\RBD3\\MICROVERSE-PROJECT\\MODULE 2\\CAPSTONE PROJECT\\JavascriptCapstone\\src\\modules\\commentCount.js": {"path":"C:\\Users\\RBD3\\MICROVERSE-PROJECT\\MODULE 2\\CAPSTONE PROJECT\\JavascriptCapstone\\src\\modules\\commentCount.js","statementMap":{"0":{"start":{"line":1,"column":14},"end":{"line":1,"column":36}},"1":{"start":{"line":4,"column":2},"end":{"line":23,"column":3}},"2":{"start":{"line":5,"column":16},"end":{"line":18,"column":5}},"3":{"start":{"line":19,"column":4},"end":{"line":19,"column":75}},"4":{"start":{"line":19,"column":17},"end":{"line":19,"column":75}},"5":{"start":{"line":20,"column":4},"end":{"line":20,"column":15}},"6":{"start":{"line":22,"column":4},"end":{"line":22,"column":15}},"7":{"start":{"line":27,"column":2},"end":{"line":36,"column":3}},"8":{"start":{"line":28,"column":16},"end":{"line":30,"column":5}},"9":{"start":{"line":31,"column":4},"end":{"line":31,"column":71}},"10":{"start":{"line":31,"column":17},"end":{"line":31,"column":71}},"11":{"start":{"line":32,"column":17},"end":{"line":32,"column":33}},"12":{"start":{"line":33,"column":4},"end":{"line":33,"column":16}},"13":{"start":{"line":35,"column":4},"end":{"line":35,"column":15}}},"fnMap":{"0":{"name":"createComment","decl":{"start":{"line":3,"column":15},"end":{"line":3,"column":28}},"loc":{"start":{"line":3,"column":60},"end":{"line":24,"column":1}},"line":3},"1":{"name":"getComments","decl":{"start":{"line":26,"column":15},"end":{"line":26,"column":26}},"loc":{"start":{"line":26,"column":42},"end":{"line":37,"column":1}},"line":26}},"branchMap":{"0":{"loc":{"start":{"line":19,"column":4},"end":{"line":19,"column":75}},"type":"if","locations":[{"start":{"line":19,"column":4},"end":{"line":19,"column":75}},{"start":{},"end":{}}],"line":19},"1":{"loc":{"start":{"line":31,"column":4},"end":{"line":31,"column":71}},"type":"if","locations":[{"start":{"line":31,"column":4},"end":{"line":31,"column":71}},{"start":{},"end":{}}],"line":31}},"s":{"0":1,"1":0,"2":0,"3":0,"4":0,"5":0,"6":0,"7":0,"8":0,"9":0,"10":0,"11":0,"12":0,"13":0},"f":{"0":0,"1":0},"b":{"0":[0,0],"1":[0,0]},"_coverageSchema":"1a1c01bbd47fc00a2c39e90264f33305004495a9","hash":"8eb426ee903d2efd6984e5c90724c60b6403afdc"}
,"C:\\Users\\RBD3\\MICROVERSE-PROJECT\\MODULE 2\\CAPSTONE PROJECT\\JavascriptCapstone\\src\\modules\\popup.js": {"path":"C:\\Users\\RBD3\\MICROVERSE-PROJECT\\MODULE 2\\CAPSTONE PROJECT\\JavascriptCapstone\\src\\modules\\popup.js","statementMap":{"0":{"start":{"line":3,"column":29},"end":{"line":40,"column":1}},"1":{"start":{"line":5,"column":2},"end":{"line":39,"column":4}},"2":{"start":{"line":42,"column":21},"end":{"line":68,"column":1}},"3":{"start":{"line":43,"column":2},"end":{"line":67,"column":3}},"4":{"start":{"line":44,"column":28},"end":{"line":44,"column":71}},"5":{"start":{"line":45,"column":17},"end":{"line":45,"column":49}},"6":{"start":{"line":48,"column":4},"end":{"line":48,"column":35}},"7":{"start":{"line":50,"column":4},"end":{"line":61,"column":5}},"8":{"start":{"line":52,"column":6},"end":{"line":52,"column":66}},"9":{"start":{"line":55,"column":6},"end":{"line":60,"column":9}},"10":{"start":{"line":56,"column":28},"end":{"line":58,"column":9}},"11":{"start":{"line":59,"column":8},"end":{"line":59,"column":69}},"12":{"start":{"line":63,"column":26},"end":{"line":63,"column":37}},"13":{"start":{"line":64,"column":4},"end":{"line":64,"column":90}},"14":{"start":{"line":66,"column":4},"end":{"line":66,"column":50}},"15":{"start":{"line":70,"column":18},"end":{"line":109,"column":1}},"16":{"start":{"line":71,"column":24},"end":{"line":71,"column":65}},"17":{"start":{"line":72,"column":15},"end":{"line":72,"column":52}},"18":{"start":{"line":75,"column":2},"end":{"line":108,"column":5}},"19":{"start":{"line":76,"column":4},"end":{"line":107,"column":5}},"20":{"start":{"line":77,"column":6},"end":{"line":84,"column":7}},"21":{"start":{"line":79,"column":25},"end":{"line":79,"column":79}},"22":{"start":{"line":80,"column":8},"end":{"line":82,"column":9}},"23":{"start":{"line":81,"column":10},"end":{"line":81,"column":75}},"24":{"start":{"line":83,"column":8},"end":{"line":83,"column":45}},"25":{"start":{"line":86,"column":21},"end":{"line":86,"column":33}},"26":{"start":{"line":87,"column":24},"end":{"line":87,"column":62}},"27":{"start":{"line":88,"column":26},"end":{"line":88,"column":96}},"28":{"start":{"line":88,"column":57},"end":{"line":88,"column":95}},"29":{"start":{"line":90,"column":27},"end":{"line":90,"column":76}},"30":{"start":{"line":92,"column":20},"end":{"line":92,"column":52}},"31":{"start":{"line":94,"column":6},"end":{"line":94,"column":37}},"32":{"start":{"line":95,"column":6},"end":{"line":95,"column":30}},"33":{"start":{"line":97,"column":23},"end":{"line":97,"column":59}},"34":{"start":{"line":98,"column":6},"end":{"line":100,"column":9}},"35":{"start":{"line":99,"column":8},"end":{"line":99,"column":37}},"36":{"start":{"line":102,"column":6},"end":{"line":102,"column":36}},"37":{"start":{"line":105,"column":20},"end":{"line":105,"column":42}},"38":{"start":{"line":106,"column":6},"end":{"line":106,"column":48}},"39":{"start":{"line":111,"column":28},"end":{"line":116,"column":1}},"40":{"start":{"line":114,"column":24},"end":{"line":114,"column":74}},"41":{"start":{"line":115,"column":2},"end":{"line":115,"column":88}},"42":{"start":{"line":120,"column":2},"end":{"line":120,"column":21}},"43":{"start":{"line":122,"column":19},"end":{"line":122,"column":60}},"44":{"start":{"line":123,"column":23},"end":{"line":123,"column":67}},"45":{"start":{"line":124,"column":17},"end":{"line":124,"column":49}},"46":{"start":{"line":125,"column":16},"end":{"line":125,"column":38}},"47":{"start":{"line":127,"column":2},"end":{"line":140,"column":7}},"48":{"start":{"line":129,"column":20},"end":{"line":129,"column":30}},"49":{"start":{"line":130,"column":19},"end":{"line":132,"column":60}},"50":{"start":{"line":133,"column":6},"end":{"line":133,"column":88}},"51":{"start":{"line":134,"column":6},"end":{"line":134,"column":23}},"52":{"start":{"line":136,"column":6},"end":{"line":136,"column":21}},"53":{"start":{"line":139,"column":6},"end":{"line":139,"column":25}},"54":{"start":{"line":143,"column":0},"end":{"line":149,"column":3}},"55":{"start":{"line":144,"column":18},"end":{"line":144,"column":58}},"56":{"start":{"line":145,"column":2},"end":{"line":148,"column":5}},"57":{"start":{"line":146,"column":25},"end":{"line":146,"column":63}},"58":{"start":{"line":147,"column":4},"end":{"line":147,"column":57}}},"fnMap":{"0":{"name":"(anonymous_0)","decl":{"start":{"line":3,"column":29},"end":{"line":3,"column":30}},"loc":{"start":{"line":3,"column":39},"end":{"line":40,"column":1}},"line":3},"1":{"name":"(anonymous_1)","decl":{"start":{"line":42,"column":21},"end":{"line":42,"column":22}},"loc":{"start":{"line":42,"column":46},"end":{"line":68,"column":1}},"line":42},"2":{"name":"(anonymous_2)","decl":{"start":{"line":55,"column":19},"end":{"line":55,"column":20}},"loc":{"start":{"line":55,"column":32},"end":{"line":60,"column":7}},"line":55},"3":{"name":"(anonymous_3)","decl":{"start":{"line":70,"column":18},"end":{"line":70,"column":19}},"loc":{"start":{"line":70,"column":30},"end":{"line":109,"column":1}},"line":70},"4":{"name":"(anonymous_4)","decl":{"start":{"line":75,"column":42},"end":{"line":75,"column":43}},"loc":{"start":{"line":75,"column":59},"end":{"line":108,"column":3}},"line":75},"5":{"name":"(anonymous_5)","decl":{"start":{"line":88,"column":44},"end":{"line":88,"column":45}},"loc":{"start":{"line":88,"column":57},"end":{"line":88,"column":95}},"line":88},"6":{"name":"(anonymous_6)","decl":{"start":{"line":98,"column":41},"end":{"line":98,"column":42}},"loc":{"start":{"line":98,"column":47},"end":{"line":100,"column":7}},"line":98},"7":{"name":"(anonymous_7)","decl":{"start":{"line":111,"column":28},"end":{"line":111,"column":29}},"loc":{"start":{"line":111,"column":34},"end":{"line":116,"column":1}},"line":111},"8":{"name":"addComment","decl":{"start":{"line":119,"column":9},"end":{"line":119,"column":19}},"loc":{"start":{"line":119,"column":23},"end":{"line":141,"column":1}},"line":119},"9":{"name":"(anonymous_9)","decl":{"start":{"line":128,"column":10},"end":{"line":128,"column":11}},"loc":{"start":{"line":128,"column":16},"end":{"line":137,"column":5}},"line":128},"10":{"name":"(anonymous_10)","decl":{"start":{"line":138,"column":11},"end":{"line":138,"column":12}},"loc":{"start":{"line":138,"column":20},"end":{"line":140,"column":5}},"line":138},"11":{"name":"(anonymous_11)","decl":{"start":{"line":143,"column":35},"end":{"line":143,"column":36}},"loc":{"start":{"line":143,"column":41},"end":{"line":149,"column":1}},"line":143},"12":{"name":"(anonymous_12)","decl":{"start":{"line":145,"column":37},"end":{"line":145,"column":38}},"loc":{"start":{"line":145,"column":43},"end":{"line":148,"column":3}},"line":145}},"branchMap":{"0":{"loc":{"start":{"line":50,"column":4},"end":{"line":61,"column":5}},"type":"if","locations":[{"start":{"line":50,"column":4},"end":{"line":61,"column":5}},{"start":{"line":53,"column":11},"end":{"line":61,"column":5}}],"line":50},"1":{"loc":{"start":{"line":76,"column":4},"end":{"line":107,"column":5}},"type":"if","locations":[{"start":{"line":76,"column":4},"end":{"line":107,"column":5}},{"start":{},"end":{}}],"line":76},"2":{"loc":{"start":{"line":77,"column":6},"end":{"line":84,"column":7}},"type":"if","locations":[{"start":{"line":77,"column":6},"end":{"line":84,"column":7}},{"start":{},"end":{}}],"line":77},"3":{"loc":{"start":{"line":80,"column":8},"end":{"line":82,"column":9}},"type":"if","locations":[{"start":{"line":80,"column":8},"end":{"line":82,"column":9}},{"start":{},"end":{}}],"line":80}},"s":{"0":1,"1":0,"2":1,"3":0,"4":0,"5":0,"6":0,"7":0,"8":0,"9":0,"10":0,"11":0,"12":0,"13":0,"14":0,"15":1,"16":0,"17":0,"18":0,"19":0,"20":0,"21":0,"22":0,"23":0,"24":0,"25":0,"26":0,"27":0,"28":0,"29":0,"30":0,"31":0,"32":0,"33":0,"34":0,"35":0,"36":0,"37":0,"38":0,"39":1,"40":1,"41":1,"42":0,"43":0,"44":0,"45":0,"46":0,"47":0,"48":0,"49":0,"50":0,"51":0,"52":0,"53":0,"54":1,"55":0,"56":0,"57":0,"58":0},"f":{"0":0,"1":0,"2":0,"3":0,"4":0,"5":0,"6":0,"7":1,"8":0,"9":0,"10":0,"11":0,"12":0},"b":{"0":[0,0],"1":[0,0],"2":[0,0],"3":[0,0]},"_coverageSchema":"1a1c01bbd47fc00a2c39e90264f33305004495a9","hash":"73a57ff31125c4773e081e59767be07102137576"}
}
