{"C:\\Users\\RBD3\\MICROVERSE-PROJECT\\MODULE 2\\CAPSTONE PROJECT\\JavascriptCapstone\\src\\modules\\commentCount.js": {"path":"C:\\Users\\RBD3\\MICROVERSE-PROJECT\\MODULE 2\\CAPSTONE PROJECT\\JavascriptCapstone\\src\\modules\\commentCount.js","statementMap":{"0":{"start":{"line":1,"column":14},"end":{"line":1,"column":36}},"1":{"start":{"line":4,"column":2},"end":{"line":23,"column":3}},"2":{"start":{"line":5,"column":16},"end":{"line":18,"column":5}},"3":{"start":{"line":19,"column":4},"end":{"line":19,"column":75}},"4":{"start":{"line":19,"column":17},"end":{"line":19,"column":75}},"5":{"start":{"line":20,"column":4},"end":{"line":20,"column":15}},"6":{"start":{"line":22,"column":4},"end":{"line":22,"column":15}},"7":{"start":{"line":27,"column":2},"end":{"line":36,"column":3}},"8":{"start":{"line":28,"column":16},"end":{"line":30,"column":5}},"9":{"start":{"line":31,"column":4},"end":{"line":31,"column":71}},"10":{"start":{"line":31,"column":17},"end":{"line":31,"column":71}},"11":{"start":{"line":32,"column":17},"end":{"line":32,"column":33}},"12":{"start":{"line":33,"column":4},"end":{"line":33,"column":16}},"13":{"start":{"line":35,"column":4},"end":{"line":35,"column":15}}},"fnMap":{"0":{"name":"createComment","decl":{"start":{"line":3,"column":15},"end":{"line":3,"column":28}},"loc":{"start":{"line":3,"column":60},"end":{"line":24,"column":1}},"line":3},"1":{"name":"getComments","decl":{"start":{"line":26,"column":15},"end":{"line":26,"column":26}},"loc":{"start":{"line":26,"column":35},"end":{"line":37,"column":1}},"line":26}},"branchMap":{"0":{"loc":{"start":{"line":19,"column":4},"end":{"line":19,"column":75}},"type":"if","locations":[{"start":{"line":19,"column":4},"end":{"line":19,"column":75}},{"start":{},"end":{}}],"line":19},"1":{"loc":{"start":{"line":31,"column":4},"end":{"line":31,"column":71}},"type":"if","locations":[{"start":{"line":31,"column":4},"end":{"line":31,"column":71}},{"start":{},"end":{}}],"line":31}},"s":{"0":1,"1":0,"2":0,"3":0,"4":0,"5":0,"6":0,"7":0,"8":0,"9":0,"10":0,"11":0,"12":0,"13":0},"f":{"0":0,"1":0},"b":{"0":[0,0],"1":[0,0]},"_coverageSchema":"1a1c01bbd47fc00a2c39e90264f33305004495a9","hash":"da327152a8d389d462c82212e9cd64c6edb600b5"}
,"C:\\Users\\RBD3\\MICROVERSE-PROJECT\\MODULE 2\\CAPSTONE PROJECT\\JavascriptCapstone\\src\\modules\\movieCount.js": {"path":"C:\\Users\\RBD3\\MICROVERSE-PROJECT\\MODULE 2\\CAPSTONE PROJECT\\JavascriptCapstone\\src\\modules\\movieCount.js","statementMap":{"0":{"start":{"line":1,"column":19},"end":{"line":10,"column":1}},"1":{"start":{"line":2,"column":2},"end":{"line":9,"column":3}},"2":{"start":{"line":3,"column":21},"end":{"line":3,"column":75}},"3":{"start":{"line":4,"column":15},"end":{"line":4,"column":36}},"4":{"start":{"line":5,"column":4},"end":{"line":5,"column":30}},"5":{"start":{"line":6,"column":4},"end":{"line":6,"column":41}},"6":{"start":{"line":8,"column":4},"end":{"line":8,"column":23}},"7":{"start":{"line":12,"column":0},"end":{"line":12,"column":28}}},"fnMap":{"0":{"name":"(anonymous_0)","decl":{"start":{"line":1,"column":19},"end":{"line":1,"column":20}},"loc":{"start":{"line":1,"column":43},"end":{"line":10,"column":1}},"line":1}},"branchMap":{},"s":{"0":2,"1":3,"2":3,"3":2,"4":2,"5":2,"6":1,"7":2},"f":{"0":3},"b":{},"_coverageSchema":"1a1c01bbd47fc00a2c39e90264f33305004495a9","hash":"e9158da8df701506f2528d8df5b94652a65dbe8d"}
,"C:\\Users\\RBD3\\MICROVERSE-PROJECT\\MODULE 2\\CAPSTONE PROJECT\\JavascriptCapstone\\src\\modules\\popup.js": {"path":"C:\\Users\\RBD3\\MICROVERSE-PROJECT\\MODULE 2\\CAPSTONE PROJECT\\JavascriptCapstone\\src\\modules\\popup.js","statementMap":{"0":{"start":{"line":3,"column":29},"end":{"line":37,"column":3}},"1":{"start":{"line":3,"column":39},"end":{"line":37,"column":3}},"2":{"start":{"line":39,"column":28},"end":{"line":52,"column":1}},"3":{"start":{"line":41,"column":31},"end":{"line":41,"column":74}},"4":{"start":{"line":42,"column":24},"end":{"line":42,"column":78}},"5":{"start":{"line":43,"column":24},"end":{"line":43,"column":65}},"6":{"start":{"line":45,"column":2},"end":{"line":51,"column":3}},"7":{"start":{"line":46,"column":4},"end":{"line":50,"column":5}},"8":{"start":{"line":47,"column":6},"end":{"line":47,"column":64}},"9":{"start":{"line":49,"column":6},"end":{"line":49,"column":49}},"10":{"start":{"line":54,"column":21},"end":{"line":74,"column":1}},"11":{"start":{"line":55,"column":2},"end":{"line":73,"column":3}},"12":{"start":{"line":56,"column":28},"end":{"line":56,"column":71}},"13":{"start":{"line":57,"column":17},"end":{"line":57,"column":42}},"14":{"start":{"line":60,"column":4},"end":{"line":60,"column":35}},"15":{"start":{"line":62,"column":4},"end":{"line":69,"column":5}},"16":{"start":{"line":63,"column":6},"end":{"line":68,"column":9}},"17":{"start":{"line":64,"column":28},"end":{"line":66,"column":9}},"18":{"start":{"line":67,"column":8},"end":{"line":67,"column":69}},"19":{"start":{"line":70,"column":4},"end":{"line":70,"column":19}},"20":{"start":{"line":72,"column":4},"end":{"line":72,"column":50}},"21":{"start":{"line":76,"column":18},"end":{"line":114,"column":1}},"22":{"start":{"line":77,"column":24},"end":{"line":77,"column":65}},"23":{"start":{"line":78,"column":15},"end":{"line":78,"column":52}},"24":{"start":{"line":81,"column":2},"end":{"line":113,"column":5}},"25":{"start":{"line":82,"column":4},"end":{"line":112,"column":5}},"26":{"start":{"line":83,"column":6},"end":{"line":90,"column":7}},"27":{"start":{"line":85,"column":25},"end":{"line":85,"column":79}},"28":{"start":{"line":86,"column":8},"end":{"line":88,"column":9}},"29":{"start":{"line":87,"column":10},"end":{"line":87,"column":75}},"30":{"start":{"line":89,"column":8},"end":{"line":89,"column":45}},"31":{"start":{"line":92,"column":21},"end":{"line":92,"column":33}},"32":{"start":{"line":93,"column":24},"end":{"line":93,"column":62}},"33":{"start":{"line":94,"column":26},"end":{"line":94,"column":96}},"34":{"start":{"line":94,"column":57},"end":{"line":94,"column":95}},"35":{"start":{"line":96,"column":27},"end":{"line":96,"column":76}},"36":{"start":{"line":98,"column":20},"end":{"line":98,"column":52}},"37":{"start":{"line":100,"column":6},"end":{"line":100,"column":37}},"38":{"start":{"line":101,"column":6},"end":{"line":101,"column":30}},"39":{"start":{"line":103,"column":23},"end":{"line":103,"column":59}},"40":{"start":{"line":104,"column":6},"end":{"line":106,"column":9}},"41":{"start":{"line":105,"column":8},"end":{"line":105,"column":37}},"42":{"start":{"line":108,"column":6},"end":{"line":108,"column":36}},"43":{"start":{"line":111,"column":6},"end":{"line":111,"column":41}},"44":{"start":{"line":117,"column":2},"end":{"line":117,"column":21}},"45":{"start":{"line":119,"column":19},"end":{"line":119,"column":60}},"46":{"start":{"line":120,"column":23},"end":{"line":120,"column":67}},"47":{"start":{"line":121,"column":17},"end":{"line":121,"column":49}},"48":{"start":{"line":123,"column":2},"end":{"line":136,"column":7}},"49":{"start":{"line":125,"column":20},"end":{"line":125,"column":30}},"50":{"start":{"line":126,"column":19},"end":{"line":128,"column":60}},"51":{"start":{"line":129,"column":6},"end":{"line":129,"column":88}},"52":{"start":{"line":130,"column":6},"end":{"line":130,"column":23}},"53":{"start":{"line":132,"column":6},"end":{"line":132,"column":21}},"54":{"start":{"line":135,"column":6},"end":{"line":135,"column":25}},"55":{"start":{"line":139,"column":0},"end":{"line":145,"column":3}},"56":{"start":{"line":140,"column":18},"end":{"line":140,"column":58}},"57":{"start":{"line":141,"column":2},"end":{"line":144,"column":5}},"58":{"start":{"line":142,"column":25},"end":{"line":142,"column":63}},"59":{"start":{"line":143,"column":4},"end":{"line":143,"column":57}}},"fnMap":{"0":{"name":"(anonymous_0)","decl":{"start":{"line":3,"column":29},"end":{"line":3,"column":30}},"loc":{"start":{"line":3,"column":39},"end":{"line":37,"column":3}},"line":3},"1":{"name":"(anonymous_1)","decl":{"start":{"line":39,"column":28},"end":{"line":39,"column":29}},"loc":{"start":{"line":39,"column":34},"end":{"line":52,"column":1}},"line":39},"2":{"name":"(anonymous_2)","decl":{"start":{"line":54,"column":21},"end":{"line":54,"column":22}},"loc":{"start":{"line":54,"column":39},"end":{"line":74,"column":1}},"line":54},"3":{"name":"(anonymous_3)","decl":{"start":{"line":63,"column":19},"end":{"line":63,"column":20}},"loc":{"start":{"line":63,"column":32},"end":{"line":68,"column":7}},"line":63},"4":{"name":"(anonymous_4)","decl":{"start":{"line":76,"column":18},"end":{"line":76,"column":19}},"loc":{"start":{"line":76,"column":30},"end":{"line":114,"column":1}},"line":76},"5":{"name":"(anonymous_5)","decl":{"start":{"line":81,"column":42},"end":{"line":81,"column":43}},"loc":{"start":{"line":81,"column":59},"end":{"line":113,"column":3}},"line":81},"6":{"name":"(anonymous_6)","decl":{"start":{"line":94,"column":44},"end":{"line":94,"column":45}},"loc":{"start":{"line":94,"column":57},"end":{"line":94,"column":95}},"line":94},"7":{"name":"(anonymous_7)","decl":{"start":{"line":104,"column":41},"end":{"line":104,"column":42}},"loc":{"start":{"line":104,"column":47},"end":{"line":106,"column":7}},"line":104},"8":{"name":"addComment","decl":{"start":{"line":116,"column":9},"end":{"line":116,"column":19}},"loc":{"start":{"line":116,"column":23},"end":{"line":137,"column":1}},"line":116},"9":{"name":"(anonymous_9)","decl":{"start":{"line":124,"column":10},"end":{"line":124,"column":11}},"loc":{"start":{"line":124,"column":16},"end":{"line":133,"column":5}},"line":124},"10":{"name":"(anonymous_10)","decl":{"start":{"line":134,"column":11},"end":{"line":134,"column":12}},"loc":{"start":{"line":134,"column":20},"end":{"line":136,"column":5}},"line":134},"11":{"name":"(anonymous_11)","decl":{"start":{"line":139,"column":35},"end":{"line":139,"column":36}},"loc":{"start":{"line":139,"column":41},"end":{"line":145,"column":1}},"line":139},"12":{"name":"(anonymous_12)","decl":{"start":{"line":141,"column":37},"end":{"line":141,"column":38}},"loc":{"start":{"line":141,"column":43},"end":{"line":144,"column":3}},"line":141}},"branchMap":{"0":{"loc":{"start":{"line":42,"column":24},"end":{"line":42,"column":78}},"type":"cond-expr","locations":[{"start":{"line":42,"column":47},"end":{"line":42,"column":74}},{"start":{"line":42,"column":77},"end":{"line":42,"column":78}}],"line":42},"1":{"loc":{"start":{"line":45,"column":2},"end":{"line":51,"column":3}},"type":"if","locations":[{"start":{"line":45,"column":2},"end":{"line":51,"column":3}},{"start":{},"end":{}}],"line":45},"2":{"loc":{"start":{"line":46,"column":4},"end":{"line":50,"column":5}},"type":"if","locations":[{"start":{"line":46,"column":4},"end":{"line":50,"column":5}},{"start":{"line":48,"column":11},"end":{"line":50,"column":5}}],"line":46},"3":{"loc":{"start":{"line":62,"column":4},"end":{"line":69,"column":5}},"type":"if","locations":[{"start":{"line":62,"column":4},"end":{"line":69,"column":5}},{"start":{},"end":{}}],"line":62},"4":{"loc":{"start":{"line":82,"column":4},"end":{"line":112,"column":5}},"type":"if","locations":[{"start":{"line":82,"column":4},"end":{"line":112,"column":5}},{"start":{},"end":{}}],"line":82},"5":{"loc":{"start":{"line":83,"column":6},"end":{"line":90,"column":7}},"type":"if","locations":[{"start":{"line":83,"column":6},"end":{"line":90,"column":7}},{"start":{},"end":{}}],"line":83},"6":{"loc":{"start":{"line":86,"column":8},"end":{"line":88,"column":9}},"type":"if","locations":[{"start":{"line":86,"column":8},"end":{"line":88,"column":9}},{"start":{},"end":{}}],"line":86}},"s":{"0":1,"1":0,"2":1,"3":1,"4":1,"5":1,"6":1,"7":1,"8":1,"9":0,"10":1,"11":0,"12":0,"13":0,"14":0,"15":0,"16":0,"17":0,"18":0,"19":0,"20":0,"21":1,"22":0,"23":0,"24":0,"25":0,"26":0,"27":0,"28":0,"29":0,"30":0,"31":0,"32":0,"33":0,"34":0,"35":0,"36":0,"37":0,"38":0,"39":0,"40":0,"41":0,"42":0,"43":0,"44":0,"45":0,"46":0,"47":0,"48":0,"49":0,"50":0,"51":0,"52":0,"53":0,"54":0,"55":1,"56":0,"57":0,"58":0,"59":0},"f":{"0":0,"1":1,"2":0,"3":0,"4":0,"5":0,"6":0,"7":0,"8":0,"9":0,"10":0,"11":0,"12":0},"b":{"0":[1,0],"1":[1,0],"2":[1,0],"3":[0,0],"4":[0,0],"5":[0,0],"6":[0,0]},"_coverageSchema":"1a1c01bbd47fc00a2c39e90264f33305004495a9","hash":"1d590d6670996e4f54ddb6deb559d685d3f539d9"}
}
